[14-Mar-2023 12:41:08 Asia/Tokyo] PHP Warning:  Undefined variable $data in /var/www/html/YoyakuApp/login.php on line 25
[14-Mar-2023 12:41:08 Asia/Tokyo] PHP Fatal error:  Uncaught Error: Call to a member function prepare() on null in /var/www/html/YoyakuApp/login.php:25
Stack trace:
#0 {main}
  thrown in /var/www/html/YoyakuApp/login.php on line 25
[14-Mar-2023 12:41:35 Asia/Tokyo] PHP Warning:  Undefined variable $data in /var/www/html/YoyakuApp/login.php on line 25
[14-Mar-2023 12:41:35 Asia/Tokyo] PHP Fatal error:  Uncaught Error: Call to a member function prepare() on null in /var/www/html/YoyakuApp/login.php:25
Stack trace:
#0 {main}
  thrown in /var/www/html/YoyakuApp/login.php on line 25
[14-Mar-2023 12:42:22 Asia/Tokyo] PHP Warning:  Undefined variable $data in /var/www/html/YoyakuApp/login.php on line 25
[14-Mar-2023 12:42:22 Asia/Tokyo] PHP Fatal error:  Uncaught Error: Call to a member function prepare() on null in /var/www/html/YoyakuApp/login.php:25
Stack trace:
#0 {main}
  thrown in /var/www/html/YoyakuApp/login.php on line 25
[14-Mar-2023 12:43:12 Asia/Tokyo] PHP Warning:  Undefined variable $data in /var/www/html/YoyakuApp/login.php on line 25
[14-Mar-2023 12:43:12 Asia/Tokyo] PHP Fatal error:  Uncaught Error: Call to a member function prepare() on null in /var/www/html/YoyakuApp/login.php:25
Stack trace:
#0 {main}
  thrown in /var/www/html/YoyakuApp/login.php on line 25
[14-Mar-2023 12:43:28 Asia/Tokyo] PHP Warning:  Undefined variable $data in /var/www/html/YoyakuApp/login.php on line 25
[14-Mar-2023 12:43:28 Asia/Tokyo] PHP Fatal error:  Uncaught Error: Call to a member function prepare() on null in /var/www/html/YoyakuApp/login.php:25
Stack trace:
#0 {main}
  thrown in /var/www/html/YoyakuApp/login.php on line 25
[14-Mar-2023 12:43:45 Asia/Tokyo] PHP Warning:  Undefined variable $data in /var/www/html/YoyakuApp/login.php on line 25
[14-Mar-2023 12:43:45 Asia/Tokyo] PHP Fatal error:  Uncaught Error: Call to a member function prepare() on null in /var/www/html/YoyakuApp/login.php:25
Stack trace:
#0 {main}
  thrown in /var/www/html/YoyakuApp/login.php on line 25
[15-Mar-2023 12:35:29 Asia/Tokyo] PHP Warning:  Undefined array key "checkbox" in /var/www/html/YoyakuApp/login.php on line 29
[15-Mar-2023 12:35:34 Asia/Tokyo] PHP Deprecated:  setcookie(): Passing null to parameter #2 ($value) of type string is deprecated in /var/www/html/YoyakuApp/logout.php on line 3
[15-Mar-2023 12:35:34 Asia/Tokyo] PHP Deprecated:  setcookie(): Passing null to parameter #2 ($value) of type string is deprecated in /var/www/html/YoyakuApp/logout.php on line 4
[15-Mar-2023 12:38:13 Asia/Tokyo] PHP Warning:  Undefined array key "checkbox" in /var/www/html/YoyakuApp/login.php on line 26
[15-Mar-2023 12:39:19 Asia/Tokyo] PHP Deprecated:  setcookie(): Passing null to parameter #2 ($value) of type string is deprecated in /var/www/html/YoyakuApp/logout.php on line 3
[15-Mar-2023 12:39:19 Asia/Tokyo] PHP Deprecated:  setcookie(): Passing null to parameter #2 ($value) of type string is deprecated in /var/www/html/YoyakuApp/logout.php on line 4
[15-Mar-2023 12:40:39 Asia/Tokyo] PHP Warning:  Undefined array key "checkbox" in /var/www/html/YoyakuApp/login.php on line 26
[15-Mar-2023 12:41:30 Asia/Tokyo] PHP Warning:  Undefined variable $error in /var/www/html/YoyakuApp/adminview.php on line 169
[15-Mar-2023 12:41:30 Asia/Tokyo] PHP Warning:  Trying to access array offset on value of type null in /var/www/html/YoyakuApp/adminview.php on line 169
[15-Mar-2023 12:45:33 Asia/Tokyo] PHP Deprecated:  setcookie(): Passing null to parameter #2 ($value) of type string is deprecated in /var/www/html/YoyakuApp/logout.php on line 3
[15-Mar-2023 12:45:33 Asia/Tokyo] PHP Deprecated:  setcookie(): Passing null to parameter #2 ($value) of type string is deprecated in /var/www/html/YoyakuApp/logout.php on line 4
[16-Mar-2023 09:07:53 Asia/Tokyo] PHP Warning:  Undefined array key "checkbox" in /var/www/html/YoyakuApp/login.php on line 26
[16-Mar-2023 09:12:29 Asia/Tokyo] PHP Warning:  Undefined array key "name" in /var/www/html/YoyakuApp/adminview.php on line 175
[16-Mar-2023 09:17:25 Asia/Tokyo] PHP Deprecated:  setcookie(): Passing null to parameter #2 ($value) of type string is deprecated in /var/www/html/YoyakuApp/logout.php on line 9
[16-Mar-2023 09:17:25 Asia/Tokyo] PHP Deprecated:  setcookie(): Passing null to parameter #2 ($value) of type string is deprecated in /var/www/html/YoyakuApp/logout.php on line 10
[16-Mar-2023 09:17:38 Asia/Tokyo] PHP Deprecated:  setcookie(): Passing null to parameter #2 ($value) of type string is deprecated in /var/www/html/YoyakuApp/logout.php on line 9
[16-Mar-2023 09:17:38 Asia/Tokyo] PHP Deprecated:  setcookie(): Passing null to parameter #2 ($value) of type string is deprecated in /var/www/html/YoyakuApp/logout.php on line 10
[16-Mar-2023 09:18:35 Asia/Tokyo] PHP Deprecated:  setcookie(): Passing null to parameter #2 ($value) of type string is deprecated in /var/www/html/YoyakuApp/logout.php on line 9
[16-Mar-2023 09:18:35 Asia/Tokyo] PHP Deprecated:  setcookie(): Passing null to parameter #2 ($value) of type string is deprecated in /var/www/html/YoyakuApp/logout.php on line 10
[16-Mar-2023 10:14:19 Asia/Tokyo] PHP Warning:  Undefined variable $db in /var/www/html/On-demandLessons/CreateAccount/Account.php on line 11
[16-Mar-2023 10:14:19 Asia/Tokyo] PHP Fatal error:  Uncaught Error: Call to a member function prepare() on null in /var/www/html/On-demandLessons/CreateAccount/Account.php:11
Stack trace:
#0 {main}
  thrown in /var/www/html/On-demandLessons/CreateAccount/Account.php on line 11
[16-Mar-2023 10:14:47 Asia/Tokyo] PHP Deprecated:  setcookie(): Passing null to parameter #2 ($value) of type string is deprecated in /var/www/html/On-demandLessons/Logout/Logout.php on line 4
[16-Mar-2023 10:14:47 Asia/Tokyo] PHP Deprecated:  setcookie(): Passing null to parameter #2 ($value) of type string is deprecated in /var/www/html/On-demandLessons/Logout/Logout.php on line 5
[16-Mar-2023 10:14:47 Asia/Tokyo] PHP Deprecated:  setcookie(): Passing null to parameter #2 ($value) of type string is deprecated in /var/www/html/On-demandLessons/Logout/Logout.php on line 6
[16-Mar-2023 10:14:47 Asia/Tokyo] PHP Deprecated:  setcookie(): Passing null to parameter #2 ($value) of type string is deprecated in /var/www/html/On-demandLessons/Logout/Logout.php on line 7
[16-Mar-2023 10:14:47 Asia/Tokyo] PHP Deprecated:  setcookie(): Passing null to parameter #2 ($value) of type string is deprecated in /var/www/html/On-demandLessons/Logout/Logout.php on line 8
[16-Mar-2023 10:14:47 Asia/Tokyo] PHP Warning:  Undefined array key "user" in /var/www/html/On-demandLessons/Logout/Logout.php on line 11
[16-Mar-2023 10:42:23 Asia/Tokyo] PHP Warning:  POST Content-Length of 25378684 bytes exceeds the limit of 8388608 bytes in Unknown on line 0
[16-Mar-2023 10:43:16 Asia/Tokyo] PHP Warning:  POST Content-Length of 25378678 bytes exceeds the limit of 8388608 bytes in Unknown on line 0
[16-Mar-2023 10:43:39 Asia/Tokyo] PHP Warning:  POST Content-Length of 25378652 bytes exceeds the limit of 8388608 bytes in Unknown on line 0
[16-Mar-2023 10:46:56 Asia/Tokyo] PHP Warning:  POST Content-Length of 25378646 bytes exceeds the limit of 8388608 bytes in Unknown on line 0
[16-Mar-2023 10:48:11 Asia/Tokyo] PHP Warning:  POST Content-Length of 25378652 bytes exceeds the limit of 8388608 bytes in Unknown on line 0
[16-Mar-2023 10:48:13 Asia/Tokyo] PHP Warning:  POST Content-Length of 25378652 bytes exceeds the limit of 8388608 bytes in Unknown on line 0
[16-Mar-2023 10:48:35 Asia/Tokyo] PHP Warning:  POST Content-Length of 25378652 bytes exceeds the limit of 8388608 bytes in Unknown on line 0
[16-Mar-2023 10:49:17 Asia/Tokyo] PHP Warning:  POST Content-Length of 25378646 bytes exceeds the limit of 8388608 bytes in Unknown on line 0
[16-Mar-2023 10:53:21 Asia/Tokyo] PHP Warning:  POST Content-Length of 25378646 bytes exceeds the limit of 8388608 bytes in Unknown on line 0
[16-Mar-2023 10:54:49 Asia/Tokyo] PHP Warning:  POST Content-Length of 25378646 bytes exceeds the limit of 8388608 bytes in Unknown on line 0
[16-Mar-2023 10:54:50 Asia/Tokyo] PHP Warning:  POST Content-Length of 25378646 bytes exceeds the limit of 8388608 bytes in Unknown on line 0
[16-Mar-2023 10:55:15 Asia/Tokyo] PHP Warning:  POST Content-Length of 25378646 bytes exceeds the limit of 8388608 bytes in Unknown on line 0
[16-Mar-2023 10:57:06 Asia/Tokyo] PHP Warning:  POST Content-Length of 25378646 bytes exceeds the limit of 8388608 bytes in Unknown on line 0
[16-Mar-2023 10:59:47 Asia/Tokyo] PHP Warning:  POST Content-Length of 25378652 bytes exceeds the limit of 8388608 bytes in Unknown on line 0
[16-Mar-2023 11:00:07 Asia/Tokyo] PHP Warning:  POST Content-Length of 25378652 bytes exceeds the limit of 8388608 bytes in Unknown on line 0
[16-Mar-2023 11:01:54 Asia/Tokyo] PHP Warning:  POST Content-Length of 25378652 bytes exceeds the limit of 8388608 bytes in Unknown on line 0
[16-Mar-2023 11:02:27 Asia/Tokyo] PHP Warning:  POST Content-Length of 25378652 bytes exceeds the limit of 8388608 bytes in Unknown on line 0
[16-Mar-2023 11:02:47 Asia/Tokyo] PHP Warning:  POST Content-Length of 25378646 bytes exceeds the limit of 8388608 bytes in Unknown on line 0
[16-Mar-2023 11:04:40 Asia/Tokyo] PHP Warning:  POST Content-Length of 25378646 bytes exceeds the limit of 8388608 bytes in Unknown on line 0
[16-Mar-2023 11:05:04 Asia/Tokyo] PHP Warning:  POST Content-Length of 25378652 bytes exceeds the limit of 8388608 bytes in Unknown on line 0
[16-Mar-2023 11:05:19 Asia/Tokyo] PHP Warning:  POST Content-Length of 25378652 bytes exceeds the limit of 8388608 bytes in Unknown on line 0
[16-Mar-2023 11:08:31 Asia/Tokyo] PHP Warning:  POST Content-Length of 25378652 bytes exceeds the limit of 8388608 bytes in Unknown on line 0
[16-Mar-2023 11:12:49 Asia/Tokyo] PHP Warning:  POST Content-Length of 25378652 bytes exceeds the limit of 8388608 bytes in Unknown on line 0
[16-Mar-2023 11:12:53 Asia/Tokyo] PHP Warning:  POST Content-Length of 25378652 bytes exceeds the limit of 8388608 bytes in Unknown on line 0
[16-Mar-2023 11:16:16 Asia/Tokyo] PHP Warning:  POST Content-Length of 25378652 bytes exceeds the limit of 8388608 bytes in Unknown on line 0
[16-Mar-2023 11:16:18 Asia/Tokyo] PHP Warning:  POST Content-Length of 25378652 bytes exceeds the limit of 8388608 bytes in Unknown on line 0
[16-Mar-2023 11:17:29 Asia/Tokyo] PHP Warning:  POST Content-Length of 25378652 bytes exceeds the limit of 8388608 bytes in Unknown on line 0
[16-Mar-2023 11:17:54 Asia/Tokyo] PHP Warning:  POST Content-Length of 25378652 bytes exceeds the limit of 8388608 bytes in Unknown on line 0
[16-Mar-2023 11:19:02 Asia/Tokyo] PHP Warning:  POST Content-Length of 25378652 bytes exceeds the limit of 8388608 bytes in Unknown on line 0
[16-Mar-2023 11:19:27 Asia/Tokyo] PHP Warning:  POST Content-Length of 25378652 bytes exceeds the limit of 8388608 bytes in Unknown on line 0
[16-Mar-2023 11:22:49 Asia/Tokyo] PHP Warning:  POST Content-Length of 25378652 bytes exceeds the limit of 8388608 bytes in Unknown on line 0
[16-Mar-2023 11:24:39 Asia/Tokyo] PHP Warning:  POST Content-Length of 25378652 bytes exceeds the limit of 8388608 bytes in Unknown on line 0
[16-Mar-2023 11:25:00 Asia/Tokyo] PHP Warning:  POST Content-Length of 25378652 bytes exceeds the limit of 8388608 bytes in Unknown on line 0
[16-Mar-2023 11:27:30 Asia/Tokyo] PHP Warning:  POST Content-Length of 25378652 bytes exceeds the limit of 8388608 bytes in Unknown on line 0
[16-Mar-2023 11:27:35 Asia/Tokyo] PHP Warning:  POST Content-Length of 25378652 bytes exceeds the limit of 8388608 bytes in Unknown on line 0
[16-Mar-2023 11:28:37 Asia/Tokyo] PHP Warning:  POST Content-Length of 25378652 bytes exceeds the limit of 8388608 bytes in Unknown on line 0
[16-Mar-2023 11:35:40 Asia/Tokyo] PHP Deprecated:  round(): Passing null to parameter #1 ($num) of type int|float is deprecated in /var/www/html/On-demandLessons/TeacherHome/ViewAnketo.php on line 105
[16-Mar-2023 11:35:40 Asia/Tokyo] PHP Deprecated:  round(): Passing null to parameter #1 ($num) of type int|float is deprecated in /var/www/html/On-demandLessons/TeacherHome/ViewAnketo.php on line 112
[16-Mar-2023 11:35:40 Asia/Tokyo] PHP Deprecated:  round(): Passing null to parameter #1 ($num) of type int|float is deprecated in /var/www/html/On-demandLessons/TeacherHome/ViewAnketo.php on line 119
[16-Mar-2023 11:35:40 Asia/Tokyo] PHP Deprecated:  round(): Passing null to parameter #1 ($num) of type int|float is deprecated in /var/www/html/On-demandLessons/TeacherHome/ViewAnketo.php on line 126
[16-Mar-2023 11:35:40 Asia/Tokyo] PHP Deprecated:  round(): Passing null to parameter #1 ($num) of type int|float is deprecated in /var/www/html/On-demandLessons/TeacherHome/ViewAnketo.php on line 133
[16-Mar-2023 11:35:40 Asia/Tokyo] PHP Deprecated:  round(): Passing null to parameter #1 ($num) of type int|float is deprecated in /var/www/html/On-demandLessons/TeacherHome/ViewAnketo.php on line 149
[16-Mar-2023 11:35:40 Asia/Tokyo] PHP Deprecated:  round(): Passing null to parameter #1 ($num) of type int|float is deprecated in /var/www/html/On-demandLessons/TeacherHome/ViewAnketo.php on line 149
[16-Mar-2023 11:35:40 Asia/Tokyo] PHP Deprecated:  round(): Passing null to parameter #1 ($num) of type int|float is deprecated in /var/www/html/On-demandLessons/TeacherHome/ViewAnketo.php on line 149
[16-Mar-2023 11:35:40 Asia/Tokyo] PHP Deprecated:  round(): Passing null to parameter #1 ($num) of type int|float is deprecated in /var/www/html/On-demandLessons/TeacherHome/ViewAnketo.php on line 149
[16-Mar-2023 11:35:40 Asia/Tokyo] PHP Deprecated:  round(): Passing null to parameter #1 ($num) of type int|float is deprecated in /var/www/html/On-demandLessons/TeacherHome/ViewAnketo.php on line 149
[16-Mar-2023 11:36:12 Asia/Tokyo] PHP Deprecated:  round(): Passing null to parameter #1 ($num) of type int|float is deprecated in /var/www/html/On-demandLessons/TeacherHome/ViewAnketo.php on line 105
[16-Mar-2023 11:36:12 Asia/Tokyo] PHP Deprecated:  round(): Passing null to parameter #1 ($num) of type int|float is deprecated in /var/www/html/On-demandLessons/TeacherHome/ViewAnketo.php on line 112
[16-Mar-2023 11:36:12 Asia/Tokyo] PHP Deprecated:  round(): Passing null to parameter #1 ($num) of type int|float is deprecated in /var/www/html/On-demandLessons/TeacherHome/ViewAnketo.php on line 119
[16-Mar-2023 11:36:12 Asia/Tokyo] PHP Deprecated:  round(): Passing null to parameter #1 ($num) of type int|float is deprecated in /var/www/html/On-demandLessons/TeacherHome/ViewAnketo.php on line 126
[16-Mar-2023 11:36:12 Asia/Tokyo] PHP Deprecated:  round(): Passing null to parameter #1 ($num) of type int|float is deprecated in /var/www/html/On-demandLessons/TeacherHome/ViewAnketo.php on line 133
[16-Mar-2023 11:36:12 Asia/Tokyo] PHP Deprecated:  round(): Passing null to parameter #1 ($num) of type int|float is deprecated in /var/www/html/On-demandLessons/TeacherHome/ViewAnketo.php on line 149
[16-Mar-2023 11:36:12 Asia/Tokyo] PHP Deprecated:  round(): Passing null to parameter #1 ($num) of type int|float is deprecated in /var/www/html/On-demandLessons/TeacherHome/ViewAnketo.php on line 149
[16-Mar-2023 11:36:12 Asia/Tokyo] PHP Deprecated:  round(): Passing null to parameter #1 ($num) of type int|float is deprecated in /var/www/html/On-demandLessons/TeacherHome/ViewAnketo.php on line 149
[16-Mar-2023 11:36:12 Asia/Tokyo] PHP Deprecated:  round(): Passing null to parameter #1 ($num) of type int|float is deprecated in /var/www/html/On-demandLessons/TeacherHome/ViewAnketo.php on line 149
[16-Mar-2023 11:36:12 Asia/Tokyo] PHP Deprecated:  round(): Passing null to parameter #1 ($num) of type int|float is deprecated in /var/www/html/On-demandLessons/TeacherHome/ViewAnketo.php on line 149
[16-Mar-2023 11:36:41 Asia/Tokyo] PHP Deprecated:  round(): Passing null to parameter #1 ($num) of type int|float is deprecated in /var/www/html/On-demandLessons/TeacherHome/ViewAnketo.php on line 105
[16-Mar-2023 11:36:41 Asia/Tokyo] PHP Deprecated:  round(): Passing null to parameter #1 ($num) of type int|float is deprecated in /var/www/html/On-demandLessons/TeacherHome/ViewAnketo.php on line 112
[16-Mar-2023 11:36:41 Asia/Tokyo] PHP Deprecated:  round(): Passing null to parameter #1 ($num) of type int|float is deprecated in /var/www/html/On-demandLessons/TeacherHome/ViewAnketo.php on line 119
[16-Mar-2023 11:36:41 Asia/Tokyo] PHP Deprecated:  round(): Passing null to parameter #1 ($num) of type int|float is deprecated in /var/www/html/On-demandLessons/TeacherHome/ViewAnketo.php on line 126
[16-Mar-2023 11:36:41 Asia/Tokyo] PHP Deprecated:  round(): Passing null to parameter #1 ($num) of type int|float is deprecated in /var/www/html/On-demandLessons/TeacherHome/ViewAnketo.php on line 133
[16-Mar-2023 11:36:41 Asia/Tokyo] PHP Deprecated:  round(): Passing null to parameter #1 ($num) of type int|float is deprecated in /var/www/html/On-demandLessons/TeacherHome/ViewAnketo.php on line 149
[16-Mar-2023 11:36:41 Asia/Tokyo] PHP Deprecated:  round(): Passing null to parameter #1 ($num) of type int|float is deprecated in /var/www/html/On-demandLessons/TeacherHome/ViewAnketo.php on line 149
[16-Mar-2023 11:36:41 Asia/Tokyo] PHP Deprecated:  round(): Passing null to parameter #1 ($num) of type int|float is deprecated in /var/www/html/On-demandLessons/TeacherHome/ViewAnketo.php on line 149
[16-Mar-2023 11:36:41 Asia/Tokyo] PHP Deprecated:  round(): Passing null to parameter #1 ($num) of type int|float is deprecated in /var/www/html/On-demandLessons/TeacherHome/ViewAnketo.php on line 149
[16-Mar-2023 11:36:41 Asia/Tokyo] PHP Deprecated:  round(): Passing null to parameter #1 ($num) of type int|float is deprecated in /var/www/html/On-demandLessons/TeacherHome/ViewAnketo.php on line 149
[16-Mar-2023 11:36:55 Asia/Tokyo] PHP Deprecated:  round(): Passing null to parameter #1 ($num) of type int|float is deprecated in /var/www/html/On-demandLessons/TeacherHome/ViewAnketo.php on line 105
[16-Mar-2023 11:36:55 Asia/Tokyo] PHP Deprecated:  round(): Passing null to parameter #1 ($num) of type int|float is deprecated in /var/www/html/On-demandLessons/TeacherHome/ViewAnketo.php on line 112
[16-Mar-2023 11:36:55 Asia/Tokyo] PHP Deprecated:  round(): Passing null to parameter #1 ($num) of type int|float is deprecated in /var/www/html/On-demandLessons/TeacherHome/ViewAnketo.php on line 119
[16-Mar-2023 11:36:55 Asia/Tokyo] PHP Deprecated:  round(): Passing null to parameter #1 ($num) of type int|float is deprecated in /var/www/html/On-demandLessons/TeacherHome/ViewAnketo.php on line 126
[16-Mar-2023 11:36:55 Asia/Tokyo] PHP Deprecated:  round(): Passing null to parameter #1 ($num) of type int|float is deprecated in /var/www/html/On-demandLessons/TeacherHome/ViewAnketo.php on line 133
[16-Mar-2023 11:36:55 Asia/Tokyo] PHP Deprecated:  round(): Passing null to parameter #1 ($num) of type int|float is deprecated in /var/www/html/On-demandLessons/TeacherHome/ViewAnketo.php on line 149
[16-Mar-2023 11:36:55 Asia/Tokyo] PHP Deprecated:  round(): Passing null to parameter #1 ($num) of type int|float is deprecated in /var/www/html/On-demandLessons/TeacherHome/ViewAnketo.php on line 149
[16-Mar-2023 11:36:55 Asia/Tokyo] PHP Deprecated:  round(): Passing null to parameter #1 ($num) of type int|float is deprecated in /var/www/html/On-demandLessons/TeacherHome/ViewAnketo.php on line 149
[16-Mar-2023 11:36:55 Asia/Tokyo] PHP Deprecated:  round(): Passing null to parameter #1 ($num) of type int|float is deprecated in /var/www/html/On-demandLessons/TeacherHome/ViewAnketo.php on line 149
[16-Mar-2023 11:36:55 Asia/Tokyo] PHP Deprecated:  round(): Passing null to parameter #1 ($num) of type int|float is deprecated in /var/www/html/On-demandLessons/TeacherHome/ViewAnketo.php on line 149
[16-Mar-2023 11:40:40 Asia/Tokyo] PHP Deprecated:  setcookie(): Passing null to parameter #2 ($value) of type string is deprecated in /var/www/html/On-demandLessons/Logout/Logout.php on line 4
[16-Mar-2023 11:40:40 Asia/Tokyo] PHP Deprecated:  setcookie(): Passing null to parameter #2 ($value) of type string is deprecated in /var/www/html/On-demandLessons/Logout/Logout.php on line 5
[16-Mar-2023 11:40:40 Asia/Tokyo] PHP Deprecated:  setcookie(): Passing null to parameter #2 ($value) of type string is deprecated in /var/www/html/On-demandLessons/Logout/Logout.php on line 6
[16-Mar-2023 11:40:40 Asia/Tokyo] PHP Deprecated:  setcookie(): Passing null to parameter #2 ($value) of type string is deprecated in /var/www/html/On-demandLessons/Logout/Logout.php on line 7
[16-Mar-2023 11:40:40 Asia/Tokyo] PHP Deprecated:  setcookie(): Passing null to parameter #2 ($value) of type string is deprecated in /var/www/html/On-demandLessons/Logout/Logout.php on line 8
[16-Mar-2023 12:25:37 Asia/Tokyo] PHP Fatal error:  Uncaught Error: Cannot use object of type stdClass as array in /var/www/html/On-demandLessons/VideoView/Completion.php:12
Stack trace:
#0 {main}
  thrown in /var/www/html/On-demandLessons/VideoView/Completion.php on line 12
[16-Mar-2023 12:26:38 Asia/Tokyo] PHP Fatal error:  Uncaught Error: Cannot use object of type stdClass as array in /var/www/html/On-demandLessons/VideoView/Completion.php:12
Stack trace:
#0 {main}
  thrown in /var/www/html/On-demandLessons/VideoView/Completion.php on line 12
[16-Mar-2023 12:27:14 Asia/Tokyo] PHP Fatal error:  Uncaught Error: Cannot use object of type stdClass as array in /var/www/html/On-demandLessons/VideoView/Completion.php:11
Stack trace:
#0 {main}
  thrown in /var/www/html/On-demandLessons/VideoView/Completion.php on line 11
[16-Mar-2023 12:27:21 Asia/Tokyo] PHP Fatal error:  Uncaught Error: Cannot use object of type stdClass as array in /var/www/html/On-demandLessons/VideoView/Completion.php:12
Stack trace:
#0 {main}
  thrown in /var/www/html/On-demandLessons/VideoView/Completion.php on line 12
[16-Mar-2023 12:27:36 Asia/Tokyo] PHP Fatal error:  Uncaught Error: Cannot use object of type stdClass as array in /var/www/html/On-demandLessons/VideoView/Completion.php:12
Stack trace:
#0 {main}
  thrown in /var/www/html/On-demandLessons/VideoView/Completion.php on line 12
[16-Mar-2023 12:27:44 Asia/Tokyo] PHP Fatal error:  Uncaught Error: Cannot use object of type stdClass as array in /var/www/html/On-demandLessons/VideoView/Completion.php:13
Stack trace:
#0 {main}
  thrown in /var/www/html/On-demandLessons/VideoView/Completion.php on line 13
[16-Mar-2023 12:28:12 Asia/Tokyo] PHP Fatal error:  Uncaught Error: Cannot use object of type stdClass as array in /var/www/html/On-demandLessons/VideoView/Completion.php:11
Stack trace:
#0 {main}
  thrown in /var/www/html/On-demandLessons/VideoView/Completion.php on line 11
[16-Mar-2023 12:30:21 Asia/Tokyo] PHP Deprecated:  setcookie(): Passing null to parameter #2 ($value) of type string is deprecated in /var/www/html/On-demandLessons/Logout/Logout.php on line 4
[16-Mar-2023 12:30:21 Asia/Tokyo] PHP Deprecated:  setcookie(): Passing null to parameter #2 ($value) of type string is deprecated in /var/www/html/On-demandLessons/Logout/Logout.php on line 5
[16-Mar-2023 12:30:21 Asia/Tokyo] PHP Deprecated:  setcookie(): Passing null to parameter #2 ($value) of type string is deprecated in /var/www/html/On-demandLessons/Logout/Logout.php on line 6
[16-Mar-2023 12:30:21 Asia/Tokyo] PHP Deprecated:  setcookie(): Passing null to parameter #2 ($value) of type string is deprecated in /var/www/html/On-demandLessons/Logout/Logout.php on line 7
[16-Mar-2023 12:30:21 Asia/Tokyo] PHP Deprecated:  setcookie(): Passing null to parameter #2 ($value) of type string is deprecated in /var/www/html/On-demandLessons/Logout/Logout.php on line 8
[16-Mar-2023 12:30:21 Asia/Tokyo] PHP Warning:  Undefined array key "user" in /var/www/html/On-demandLessons/Logout/Logout.php on line 11
[16-Mar-2023 12:31:31 Asia/Tokyo] PHP Deprecated:  setcookie(): Passing null to parameter #2 ($value) of type string is deprecated in /var/www/html/On-demandLessons/Logout/Logout.php on line 4
[16-Mar-2023 12:31:31 Asia/Tokyo] PHP Deprecated:  setcookie(): Passing null to parameter #2 ($value) of type string is deprecated in /var/www/html/On-demandLessons/Logout/Logout.php on line 5
[16-Mar-2023 12:31:31 Asia/Tokyo] PHP Deprecated:  setcookie(): Passing null to parameter #2 ($value) of type string is deprecated in /var/www/html/On-demandLessons/Logout/Logout.php on line 6
[16-Mar-2023 12:31:31 Asia/Tokyo] PHP Deprecated:  setcookie(): Passing null to parameter #2 ($value) of type string is deprecated in /var/www/html/On-demandLessons/Logout/Logout.php on line 7
[16-Mar-2023 12:31:31 Asia/Tokyo] PHP Deprecated:  setcookie(): Passing null to parameter #2 ($value) of type string is deprecated in /var/www/html/On-demandLessons/Logout/Logout.php on line 8
[16-Mar-2023 12:32:39 Asia/Tokyo] PHP Deprecated:  setcookie(): Passing null to parameter #2 ($value) of type string is deprecated in /var/www/html/On-demandLessons/Logout/Logout.php on line 4
[16-Mar-2023 12:32:39 Asia/Tokyo] PHP Deprecated:  setcookie(): Passing null to parameter #2 ($value) of type string is deprecated in /var/www/html/On-demandLessons/Logout/Logout.php on line 5
[16-Mar-2023 12:32:39 Asia/Tokyo] PHP Deprecated:  setcookie(): Passing null to parameter #2 ($value) of type string is deprecated in /var/www/html/On-demandLessons/Logout/Logout.php on line 6
[16-Mar-2023 12:32:39 Asia/Tokyo] PHP Deprecated:  setcookie(): Passing null to parameter #2 ($value) of type string is deprecated in /var/www/html/On-demandLessons/Logout/Logout.php on line 7
[16-Mar-2023 12:32:39 Asia/Tokyo] PHP Deprecated:  setcookie(): Passing null to parameter #2 ($value) of type string is deprecated in /var/www/html/On-demandLessons/Logout/Logout.php on line 8
[16-Mar-2023 12:33:03 Asia/Tokyo] PHP Warning:  move_uploaded_file(../KadaiFiles/20230316123303demodata2.png): Failed to open stream: No such file or directory in /var/www/html/On-demandLessons/KadaiUpLoad/Home.php on line 36
[16-Mar-2023 12:33:03 Asia/Tokyo] PHP Warning:  move_uploaded_file(): Unable to move &quot;/tmp/phpY2BdVP&quot; to &quot;../KadaiFiles/20230316123303demodata2.png&quot; in /var/www/html/On-demandLessons/KadaiUpLoad/Home.php on line 36
[16-Mar-2023 12:33:09 Asia/Tokyo] PHP Deprecated:  setcookie(): Passing null to parameter #2 ($value) of type string is deprecated in /var/www/html/On-demandLessons/Logout/Logout.php on line 4
[16-Mar-2023 12:33:09 Asia/Tokyo] PHP Deprecated:  setcookie(): Passing null to parameter #2 ($value) of type string is deprecated in /var/www/html/On-demandLessons/Logout/Logout.php on line 5
[16-Mar-2023 12:33:09 Asia/Tokyo] PHP Deprecated:  setcookie(): Passing null to parameter #2 ($value) of type string is deprecated in /var/www/html/On-demandLessons/Logout/Logout.php on line 6
[16-Mar-2023 12:33:09 Asia/Tokyo] PHP Deprecated:  setcookie(): Passing null to parameter #2 ($value) of type string is deprecated in /var/www/html/On-demandLessons/Logout/Logout.php on line 7
[16-Mar-2023 12:33:09 Asia/Tokyo] PHP Deprecated:  setcookie(): Passing null to parameter #2 ($value) of type string is deprecated in /var/www/html/On-demandLessons/Logout/Logout.php on line 8
[16-Mar-2023 12:33:09 Asia/Tokyo] PHP Warning:  Undefined array key "user" in /var/www/html/On-demandLessons/Logout/Logout.php on line 11
[16-Mar-2023 12:36:21 Asia/Tokyo] PHP Warning:  unlink(../KadaiFiles/20230316123303demodata2.png): No such file or directory in /var/www/html/On-demandLessons/KadaiDelete/Delete.php on line 17
[16-Mar-2023 12:36:27 Asia/Tokyo] PHP Deprecated:  setcookie(): Passing null to parameter #2 ($value) of type string is deprecated in /var/www/html/On-demandLessons/Logout/Logout.php on line 4
[16-Mar-2023 12:36:27 Asia/Tokyo] PHP Deprecated:  setcookie(): Passing null to parameter #2 ($value) of type string is deprecated in /var/www/html/On-demandLessons/Logout/Logout.php on line 5
[16-Mar-2023 12:36:27 Asia/Tokyo] PHP Deprecated:  setcookie(): Passing null to parameter #2 ($value) of type string is deprecated in /var/www/html/On-demandLessons/Logout/Logout.php on line 6
[16-Mar-2023 12:36:27 Asia/Tokyo] PHP Deprecated:  setcookie(): Passing null to parameter #2 ($value) of type string is deprecated in /var/www/html/On-demandLessons/Logout/Logout.php on line 7
[16-Mar-2023 12:36:27 Asia/Tokyo] PHP Deprecated:  setcookie(): Passing null to parameter #2 ($value) of type string is deprecated in /var/www/html/On-demandLessons/Logout/Logout.php on line 8
[16-Mar-2023 12:36:27 Asia/Tokyo] PHP Warning:  Undefined array key "user" in /var/www/html/On-demandLessons/Logout/Logout.php on line 11
[16-Mar-2023 12:37:04 Asia/Tokyo] PHP Deprecated:  setcookie(): Passing null to parameter #2 ($value) of type string is deprecated in /var/www/html/On-demandLessons/Logout/Logout.php on line 4
[16-Mar-2023 12:37:04 Asia/Tokyo] PHP Deprecated:  setcookie(): Passing null to parameter #2 ($value) of type string is deprecated in /var/www/html/On-demandLessons/Logout/Logout.php on line 5
[16-Mar-2023 12:37:04 Asia/Tokyo] PHP Deprecated:  setcookie(): Passing null to parameter #2 ($value) of type string is deprecated in /var/www/html/On-demandLessons/Logout/Logout.php on line 6
[16-Mar-2023 12:37:04 Asia/Tokyo] PHP Deprecated:  setcookie(): Passing null to parameter #2 ($value) of type string is deprecated in /var/www/html/On-demandLessons/Logout/Logout.php on line 7
[16-Mar-2023 12:37:04 Asia/Tokyo] PHP Deprecated:  setcookie(): Passing null to parameter #2 ($value) of type string is deprecated in /var/www/html/On-demandLessons/Logout/Logout.php on line 8
[16-Mar-2023 12:37:04 Asia/Tokyo] PHP Warning:  Undefined array key "user" in /var/www/html/On-demandLessons/Logout/Logout.php on line 11
[17-Mar-2023 11:52:20 Asia/Tokyo] PHP Warning:  Trying to access array offset on value of type null in /var/www/html/On-demandLessons/VideoView/Completion.php on line 11
[17-Mar-2023 12:01:02 Asia/Tokyo] PHP Warning:  Trying to access array offset on value of type bool in /var/www/html/On-demandLessons/Home/Home.php on line 13
[17-Mar-2023 12:01:02 Asia/Tokyo] PHP Warning:  Trying to access array offset on value of type bool in /var/www/html/On-demandLessons/Home/Home.php on line 13
[17-Mar-2023 12:01:02 Asia/Tokyo] PHP Warning:  Trying to access array offset on value of type bool in /var/www/html/On-demandLessons/Home/Home.php on line 20
[17-Mar-2023 12:01:02 Asia/Tokyo] PHP Warning:  Trying to access array offset on value of type bool in /var/www/html/On-demandLessons/Home/Home.php on line 20
[17-Mar-2023 12:01:02 Asia/Tokyo] PHP Warning:  Trying to access array offset on value of type bool in /var/www/html/On-demandLessons/Home/Home.php on line 28
[17-Mar-2023 12:01:02 Asia/Tokyo] PHP Warning:  Trying to access array offset on value of type bool in /var/www/html/On-demandLessons/Home/Home.php on line 28
[17-Mar-2023 12:01:17 Asia/Tokyo] PHP Deprecated:  setcookie(): Passing null to parameter #2 ($value) of type string is deprecated in /var/www/html/On-demandLessons/Logout/Logout.php on line 4
[17-Mar-2023 12:01:17 Asia/Tokyo] PHP Deprecated:  setcookie(): Passing null to parameter #2 ($value) of type string is deprecated in /var/www/html/On-demandLessons/Logout/Logout.php on line 5
[17-Mar-2023 12:01:17 Asia/Tokyo] PHP Deprecated:  setcookie(): Passing null to parameter #2 ($value) of type string is deprecated in /var/www/html/On-demandLessons/Logout/Logout.php on line 6
[17-Mar-2023 12:01:17 Asia/Tokyo] PHP Deprecated:  setcookie(): Passing null to parameter #2 ($value) of type string is deprecated in /var/www/html/On-demandLessons/Logout/Logout.php on line 7
[17-Mar-2023 12:01:17 Asia/Tokyo] PHP Deprecated:  setcookie(): Passing null to parameter #2 ($value) of type string is deprecated in /var/www/html/On-demandLessons/Logout/Logout.php on line 8
[17-Mar-2023 12:01:17 Asia/Tokyo] PHP Warning:  Undefined array key "user" in /var/www/html/On-demandLessons/Logout/Logout.php on line 11
